# JRE version: Java(TM) SE Runtime Environment (8.0_101-b13) (build 1.8.0_101-b13)
# Java VM: Java HotSpot(TM) 64-Bit Server VM (25.101-b13 mixed mode windows-amd64 compressed oops)
Heap:
 PSYoungGen      total 429568K, used 256554K [0x00000000e0a00000, 0x00000000fe480000, 0x0000000100000000)
  eden space 415232K, 58% used [0x00000000e0a00000,0x00000000ef6bfd88,0x00000000f9f80000)
  from space 14336K, 98% used [0x00000000fd680000,0x00000000fe44ac08,0x00000000fe480000)
  to   space 18944K, 0% used [0x00000000fbf80000,0x00000000fbf80000,0x00000000fd200000)
 ParOldGen       total 76800K, used 31791K [0x00000000a1e00000, 0x00000000a6900000, 0x00000000e0a00000)
  object space 76800K, 41% used [0x00000000a1e00000,0x00000000a3d0be60,0x00000000a6900000)
 Metaspace       used 45593K, capacity 46314K, committed 46504K, reserved 1089536K
  class space    used 6027K, capacity 6231K, committed 6320K, reserved 1048576K
GC Heap History (10 events):
Event: 7.105 GC heap before
{Heap before GC invocations=10 (full 1):
 PSYoungGen      total 205312K, used 195584K [0x00000000e0a00000, 0x00000000edd00000, 0x0000000100000000)
  eden space 195584K, 100% used [0x00000000e0a00000,0x00000000ec900000,0x00000000ec900000)
  from space 9728K, 0% used [0x00000000ed380000,0x00000000ed380000,0x00000000edd00000)
  to   space 10240K, 0% used [0x00000000ec900000,0x00000000ec900000,0x00000000ed300000)
 ParOldGen       total 39424K, used 8658K [0x00000000a1e00000, 0x00000000a4480000, 0x00000000e0a00000)
  object space 39424K, 21% used [0x00000000a1e00000,0x00000000a2674b00,0x00000000a4480000)
 Metaspace       used 27458K, capacity 27896K, committed 28080K, reserved 1073152K
  class space    used 3555K, capacity 3677K, committed 3760K, reserved 1048576K
Event: 7.123 GC heap after
Heap after GC invocations=10 (full 1):
 PSYoungGen      total 205824K, used 10235K [0x00000000e0a00000, 0x00000000f4c00000, 0x0000000100000000)
  eden space 195584K, 0% used [0x00000000e0a00000,0x00000000e0a00000,0x00000000ec900000)
  from space 10240K, 99% used [0x00000000ec900000,0x00000000ed2fef10,0x00000000ed300000)
  to   space 13824K, 0% used [0x00000000f3e80000,0x00000000f3e80000,0x00000000f4c00000)
 ParOldGen       total 39424K, used 13909K [0x00000000a1e00000, 0x00000000a4480000, 0x00000000e0a00000)
  object space 39424K, 35% used [0x00000000a1e00000,0x00000000a2b95740,0x00000000a4480000)
 Metaspace       used 27458K, capacity 27896K, committed 28080K, reserved 1073152K
  class space    used 3555K, capacity 3677K, committed 3760K, reserved 1048576K
}
Event: 8.452 GC heap before
{Heap before GC invocations=11 (full 1):
 PSYoungGen      total 205824K, used 205819K [0x00000000e0a00000, 0x00000000f4c00000, 0x0000000100000000)
  eden space 195584K, 100% used [0x00000000e0a00000,0x00000000ec900000,0x00000000ec900000)
  from space 10240K, 99% used [0x00000000ec900000,0x00000000ed2fef10,0x00000000ed300000)
  to   space 13824K, 0% used [0x00000000f3e80000,0x00000000f3e80000,0x00000000f4c00000)
 ParOldGen       total 39424K, used 13909K [0x00000000a1e00000, 0x00000000a4480000, 0x00000000e0a00000)
  object space 39424K, 35% used [0x00000000a1e00000,0x00000000a2b95740,0x00000000a4480000)
 Metaspace       used 32600K, capacity 33198K, committed 33456K, reserved 1079296K
  class space    used 4302K, capacity 4469K, committed 4528K, reserved 1048576K
Event: 8.491 GC heap after
Heap after GC invocations=11 (full 1):
 PSYoungGen      total 311296K, used 13799K [0x00000000e0a00000, 0x00000000f5380000, 0x0000000100000000)
  eden space 297472K, 0% used [0x00000000e0a00000,0x00000000e0a00000,0x00000000f2c80000)
  from space 13824K, 99% used [0x00000000f3e80000,0x00000000f4bf9f60,0x00000000f4c00000)
  to   space 18432K, 0% used [0x00000000f2c80000,0x00000000f2c80000,0x00000000f3e80000)
 ParOldGen       total 39424K, used 21253K [0x00000000a1e00000, 0x00000000a4480000, 0x00000000e0a00000)
  object space 39424K, 53% used [0x00000000a1e00000,0x00000000a32c1710,0x00000000a4480000)
 Metaspace       used 32600K, capacity 33198K, committed 33456K, reserved 1079296K
  class space    used 4302K, capacity 4469K, committed 4528K, reserved 1048576K
}
Event: 9.772 GC heap before
{Heap before GC invocations=12 (full 1):
 PSYoungGen      total 311296K, used 218425K [0x00000000e0a00000, 0x00000000f5380000, 0x0000000100000000)
  eden space 297472K, 68% used [0x00000000e0a00000,0x00000000ed1d44a0,0x00000000f2c80000)
  from space 13824K, 99% used [0x00000000f3e80000,0x00000000f4bf9f60,0x00000000f4c00000)
  to   space 18432K, 0% used [0x00000000f2c80000,0x00000000f2c80000,0x00000000f3e80000)
 ParOldGen       total 39424K, used 21253K [0x00000000a1e00000, 0x00000000a4480000, 0x00000000e0a00000)
  object space 39424K, 53% used [0x00000000a1e00000,0x00000000a32c1710,0x00000000a4480000)
 Metaspace       used 34703K, capacity 35286K, committed 35496K, reserved 1079296K
  class space    used 4590K, capacity 4753K, committed 4784K, reserved 1048576K
Event: 9.809 GC heap after
Heap after GC invocations=12 (full 1):
 PSYoungGen      total 315904K, used 6736K [0x00000000e0a00000, 0x00000000fe800000, 0x0000000100000000)
  eden space 297472K, 0% used [0x00000000e0a00000,0x00000000e0a00000,0x00000000f2c80000)
  from space 18432K, 36% used [0x00000000f2c80000,0x00000000f3314180,0x00000000f3e80000)
  to   space 17920K, 0% used [0x00000000fd680000,0x00000000fd680000,0x00000000fe800000)
 ParOldGen       total 39424K, used 34902K [0x00000000a1e00000, 0x00000000a4480000, 0x00000000e0a00000)
  object space 39424K, 88% used [0x00000000a1e00000,0x00000000a4015a58,0x00000000a4480000)
 Metaspace       used 34703K, capacity 35286K, committed 35496K, reserved 1079296K
  class space    used 4590K, capacity 4753K, committed 4784K, reserved 1048576K
}
Event: 9.809 GC heap before
{Heap before GC invocations=13 (full 2):
 PSYoungGen      total 315904K, used 6736K [0x00000000e0a00000, 0x00000000fe800000, 0x0000000100000000)
  eden space 297472K, 0% used [0x00000000e0a00000,0x00000000e0a00000,0x00000000f2c80000)
  from space 18432K, 36% used [0x00000000f2c80000,0x00000000f3314180,0x00000000f3e80000)
  to   space 17920K, 0% used [0x00000000fd680000,0x00000000fd680000,0x00000000fe800000)
 ParOldGen       total 39424K, used 34902K [0x00000000a1e00000, 0x00000000a4480000, 0x00000000e0a00000)
  object space 39424K, 88% used [0x00000000a1e00000,0x00000000a4015a58,0x00000000a4480000)
 Metaspace       used 34703K, capacity 35286K, committed 35496K, reserved 1079296K
  class space    used 4590K, capacity 4753K, committed 4784K, reserved 1048576K
Event: 9.931 GC heap after
Heap after GC invocations=13 (full 2):
 PSYoungGen      total 315904K, used 0K [0x00000000e0a00000, 0x00000000fe800000, 0x0000000100000000)
  eden space 297472K, 0% used [0x00000000e0a00000,0x00000000e0a00000,0x00000000f2c80000)
  from space 18432K, 0% used [0x00000000f2c80000,0x00000000f2c80000,0x00000000f3e80000)
  to   space 17920K, 0% used [0x00000000fd680000,0x00000000fd680000,0x00000000fe800000)
 ParOldGen       total 76800K, used 31783K [0x00000000a1e00000, 0x00000000a6900000, 0x00000000e0a00000)
  object space 76800K, 41% used [0x00000000a1e00000,0x00000000a3d09e60,0x00000000a6900000)
 Metaspace       used 34703K, capacity 35286K, committed 35496K, reserved 1079296K
  class space    used 4590K, capacity 4753K, committed 4784K, reserved 1048576K
}
Event: 37.231 GC heap before
{Heap before GC invocations=14 (full 2):
 PSYoungGen      total 315904K, used 297472K [0x00000000e0a00000, 0x00000000fe800000, 0x0000000100000000)
  eden space 297472K, 100% used [0x00000000e0a00000,0x00000000f2c80000,0x00000000f2c80000)
  from space 18432K, 0% used [0x00000000f2c80000,0x00000000f2c80000,0x00000000f3e80000)
  to   space 17920K, 0% used [0x00000000fd680000,0x00000000fd680000,0x00000000fe800000)
 ParOldGen       total 76800K, used 31783K [0x00000000a1e00000, 0x00000000a6900000, 0x00000000e0a00000)
  object space 76800K, 41% used [0x00000000a1e00000,0x00000000a3d09e60,0x00000000a6900000)
 Metaspace       used 43844K, capacity 44540K, committed 44968K, reserved 1087488K
  class space    used 5792K, capacity 5972K, committed 6064K, reserved 1048576K
Event: 37.250 GC heap after
Heap after GC invocations=14 (full 2):
 PSYoungGen      total 429568K, used 14123K [0x00000000e0a00000, 0x00000000fe480000, 0x0000000100000000)
  eden space 415232K, 0% used [0x00000000e0a00000,0x00000000e0a00000,0x00000000f9f80000)
  from space 14336K, 98% used [0x00000000fd680000,0x00000000fe44ac08,0x00000000fe480000)
  to   space 18944K, 0% used [0x00000000fbf80000,0x00000000fbf80000,0x00000000fd200000)
 ParOldGen       total 76800K, used 31791K [0x00000000a1e00000, 0x00000000a6900000, 0x00000000e0a00000)
  object space 76800K, 41% used [0x00000000a1e00000,0x00000000a3d0be60,0x00000000a6900000)
 Metaspace       used 43844K, capacity 44540K, committed 44968K, reserved 1087488K
  class space    used 5792K, capacity 5972K, committed 6064K, reserved 1048576K
}

